<?xml version="1.0" encoding="UTF-8"?>
<testng-results skipped="0" failed="0" ignored="0" total="3" passed="3">
  <reporter-output>
  </reporter-output>
  <suite name="Remote Suite" duration-ms="34505" started-at="2018-12-02T06:14:46Z" finished-at="2018-12-02T06:15:20Z">
    <groups>
    </groups>
    <test name="HappyFlowFirefoxTest" duration-ms="31075" started-at="2018-12-02T06:14:46Z" finished-at="2018-12-02T06:15:17Z">
      <class name="testcases.RemoteFlowTest">
        <test-method status="PASS" signature="setup(java.lang.String)[pri:0, instance:testcases.RemoteFlowTest@2e3fc542]" name="setup" is-config="true" duration-ms="15304" started-at="2018-12-02T06:14:46Z" finished-at="2018-12-02T06:15:01Z">
          <params>
            <param index="0">
              <value>
                <![CDATA[firefox]]>
              </value>
            </param>
          </params>
          <reporter-output>
          </reporter-output>
        </test-method> <!-- setup -->
        <test-method status="PASS" signature="test1()[pri:0, instance:testcases.RemoteFlowTest@2e3fc542]" name="test1" duration-ms="10034" started-at="2018-12-02T06:15:01Z" finished-at="2018-12-02T06:15:11Z">
          <reporter-output>
          </reporter-output>
        </test-method> <!-- test1 -->
        <test-method status="PASS" signature="teardown()[pri:0, instance:testcases.RemoteFlowTest@2e3fc542]" name="teardown" is-config="true" duration-ms="2215" started-at="2018-12-02T06:15:14Z" finished-at="2018-12-02T06:15:17Z">
          <reporter-output>
          </reporter-output>
        </test-method> <!-- teardown -->
      </class> <!-- testcases.RemoteFlowTest -->
    </test> <!-- HappyFlowFirefoxTest -->
    <test name="testim" duration-ms="34276" started-at="2018-12-02T06:14:46Z" finished-at="2018-12-02T06:15:20Z">
      <class name="testcases.RemoteFlowTest">
        <test-method status="PASS" signature="setup(java.lang.String)[pri:0, instance:testcases.RemoteFlowTest@43a0cee9]" name="setup" is-config="true" duration-ms="11794" started-at="2018-12-02T06:14:46Z" finished-at="2018-12-02T06:14:57Z">
          <params>
            <param index="0">
              <value>
                <![CDATA[chrome]]>
              </value>
            </param>
          </params>
          <reporter-output>
          </reporter-output>
        </test-method> <!-- setup -->
        <test-method status="PASS" signature="test1()[pri:0, instance:testcases.RemoteFlowTest@43a0cee9]" name="test1" duration-ms="18779" started-at="2018-12-02T06:14:57Z" finished-at="2018-12-02T06:15:16Z">
          <reporter-output>
          </reporter-output>
        </test-method> <!-- test1 -->
        <test-method status="PASS" signature="teardown()[pri:0, instance:testcases.RemoteFlowTest@43a0cee9]" name="teardown" is-config="true" duration-ms="228" started-at="2018-12-02T06:15:20Z" finished-at="2018-12-02T06:15:20Z">
          <reporter-output>
          </reporter-output>
        </test-method> <!-- teardown -->
      </class> <!-- testcases.RemoteFlowTest -->
    </test> <!-- testim -->
    <test name="HappyFlowChromeTest" duration-ms="34505" started-at="2018-12-02T06:14:46Z" finished-at="2018-12-02T06:15:20Z">
      <class name="testcases.RemoteFlowTest">
        <test-method status="PASS" signature="setup(java.lang.String)[pri:0, instance:testcases.RemoteFlowTest@64f6106c]" name="setup" is-config="true" duration-ms="11832" started-at="2018-12-02T06:14:46Z" finished-at="2018-12-02T06:14:57Z">
          <params>
            <param index="0">
              <value>
                <![CDATA[chrome]]>
              </value>
            </param>
          </params>
          <reporter-output>
          </reporter-output>
        </test-method> <!-- setup -->
        <test-method status="PASS" signature="test1()[pri:0, instance:testcases.RemoteFlowTest@64f6106c]" name="test1" duration-ms="19824" started-at="2018-12-02T06:14:57Z" finished-at="2018-12-02T06:15:17Z">
          <reporter-output>
          </reporter-output>
        </test-method> <!-- test1 -->
        <test-method status="PASS" signature="teardown()[pri:0, instance:testcases.RemoteFlowTest@64f6106c]" name="teardown" is-config="true" duration-ms="174" started-at="2018-12-02T06:15:20Z" finished-at="2018-12-02T06:15:20Z">
          <reporter-output>
          </reporter-output>
        </test-method> <!-- teardown -->
      </class> <!-- testcases.RemoteFlowTest -->
    </test> <!-- HappyFlowChromeTest -->
  </suite> <!-- Remote Suite -->
</testng-results>
